2025/07/11 14:34:01 [DISCORD] Error opening connection to Discord: websocket: close 4004: Authentication failed.
2025/07/11 14:34:01 [DISCORD] Error starting Discord bot: error opening connection to Discord: websocket: close 4004: Authentication failed.
2025/07/11 14:38:02 [DISCORD] Error opening connection to Discord: websocket: close 4004: Authentication failed.
2025/07/11 14:38:02 [DISCORD] Error starting Discord bot: error opening connection to Discord: websocket: close 4004: Authentication failed.
2025/07/11 14:38:33 [DISCORD] Error opening connection to Discord: websocket: close 4004: Authentication failed.
2025/07/11 14:38:33 [DISCORD] Error starting Discord bot: error opening connection to Discord: websocket: close 4004: Authentication failed.
2025/07/11 14:39:52 [DISCORD] Error opening connection to Discord: websocket: close 4004: Authentication failed.
2025/07/11 14:39:52 [DISCORD] Error starting Discord bot: error opening connection to Discord: websocket: close 4004: Authentication failed.
2025/07/11 14:40:56 Error loading .env file
2025/07/11 14:41:13 Error loading .env file
2025/07/11 14:44:46 [DISCORD] Error opening connection to Discord: websocket: close 4004: Authentication failed.
2025/07/11 14:44:46 [DISCORD] Error starting Discord bot: error opening connection to Discord: websocket: close 4004: Authentication failed.
2025/07/11 14:46:01 [DISCORD] Discord bot is now running. Press CTRL+C to exit.
2025/07/11 14:46:09 [DISCORD] Discord bot started successfully
2025/07/11 14:47:59 [DISCORD] Discord bot is now running. Press CTRL+C to exit.
2025/07/11 14:48:11 [DISCORD] Found Twitter links in message from antifascism: [[https://x.com/i/status/1943049258581790827 https://  x.com /i/status/1943049258581790827]]
2025/07/11 14:48:11 [DISCORD] Twitter link found: /i/status/1943049258581790827
2025/07/11 14:48:23 [DISCORD] Discord bot started successfully
2025/07/11 14:53:33 [DISCORD] Discord bot is now running. Press CTRL+C to exit.
2025/07/11 14:53:41 [DISCORD] Found Twitter links in message from antifascism: [[https://x.com/i/status/1943049258581790827 https://  x.com /i/status/1943049258581790827]]
2025/07/11 14:53:41 [DISCORD] Twitter link found: /i/status/1943049258581790827
2025/07/11 14:53:46 [DISCORD] Found Twitter links in message from antifascism: [[twitter.com/i/status/1943049258581790827   twitter.com /i/status/1943049258581790827]]
2025/07/11 14:53:46 [DISCORD] Twitter link found: /i/status/1943049258581790827
2025/07/11 14:58:11 [DISCORD] Discord bot started successfully
2025/07/11 14:58:14 [DISCORD] Discord bot is now running. Press CTRL+C to exit.
2025/07/11 15:00:24 [DISCORD] Found Twitter links in message from antifascism: [[https://x.com/mikuneki/status/1943150145828458565 https://  x.com /mikuneki/status/1943150145828458565]]
2025/07/11 15:00:24 [DISCORD] Twitter link found: /mikuneki/status/1943150145828458565
2025/07/11 15:00:29 [DISCORD] Found Twitter links in message from antifascism: [[twitter.com/mikuneki/status/1943150145828458565   twitter.com /mikuneki/status/1943150145828458565]]
2025/07/11 15:00:29 [DISCORD] Twitter link found: /mikuneki/status/1943150145828458565
2025/07/11 15:00:55 [DISCORD] Discord bot started successfully
2025/07/11 15:01:25 [DISCORD] Discord bot is now running. Press CTRL+C to exit.
2025/07/11 15:01:35 [DISCORD] Found Twitter links in message from antifascism: [[twitter.com/mikuneki/status/1943150145828458565   twitter.com /mikuneki/status/1943150145828458565]]
2025/07/11 15:01:35 [DISCORD] Twitter link found: /mikuneki/status/1943150145828458565
2025/07/11 15:02:58 [DISCORD] Discord bot is now running. Press CTRL+C to exit.
2025/07/11 15:03:01 [DISCORD] Discord bot is now running. Press CTRL+C to exit.
2025/07/11 15:03:32 [DISCORD] Discord bot is now running. Press CTRL+C to exit.
2025/07/11 15:03:39 [DISCORD] Discord bot is now running. Press CTRL+C to exit.
2025/07/11 15:03:52 [DISCORD] Discord bot is now running. Press CTRL+C to exit.
2025/07/11 15:04:00 [DISCORD] Found Twitter links in message from antifascism: [[twitter.com/mikuneki/status/1943150145828458565  twitter.com /mikuneki/status/1943150145828458565]]
2025/07/11 15:04:00 [DISCORD] Twitter link found: /mikuneki/status/1943150145828458565
2025/07/11 15:06:20 [DISCORD] Discord bot is now running. Press CTRL+C to exit.
2025/07/11 15:06:29 [DISCORD] Discord bot is now running. Press CTRL+C to exit.
2025/07/11 15:06:33 [DISCORD] Discord bot is now running. Press CTRL+C to exit.
2025/07/11 15:13:01 [DISCORD] Discord bot is now running. Press CTRL+C to exit.
2025/07/11 15:13:03 [DISCORD] Discord bot is now running. Press CTRL+C to exit.
2025/07/11 15:13:06 [DISCORD] Discord bot is now running. Press CTRL+C to exit.
2025/07/11 15:13:12 [DISCORD] Discord bot is now running. Press CTRL+C to exit.
2025/07/11 15:13:18 [DISCORD] Discord bot is now running. Press CTRL+C to exit.
2025/07/11 15:14:02 [DISCORD] Discord bot is now running. Press CTRL+C to exit.
2025/07/11 15:14:05 [DISCORD] Found Twitter links in message from antifascism: [[https://twitter.com/JhonHearerer/status/1940196303818170412 https:// twitter.com /JhonHearerer/status/1940196303818170412]]
2025/07/11 15:14:05 [DISCORD] Twitter link found: /JhonHearerer/status/1940196303818170412
2025/07/11 15:14:34 [DISCORD] Discord bot is now running. Press CTRL+C to exit.
2025/07/11 15:14:41 [DISCORD] Discord bot is now running. Press CTRL+C to exit.
2025/07/11 15:14:41 [DISCORD] Found Twitter links in message from antifascism: [[https://twitter.com/JhonHearerer/status/1940196303818170412 https:// twitter.com /JhonHearerer/status/1940196303818170412]]
2025/07/11 15:14:41 [DISCORD] Twitter link found: /JhonHearerer/status/1940196303818170412
2025/07/11 15:14:52 [DISCORD] Discord bot is now running. Press CTRL+C to exit.
2025/07/11 15:14:54 [DISCORD] Found Twitter links in message from antifascism: [[https://twitter.com/JhonHearerer/status/1940196303818170412 https:// twitter.com /JhonHearerer/status/1940196303818170412]]
2025/07/11 15:15:01 [DISCORD] Discord bot is now running. Press CTRL+C to exit.
2025/07/11 15:15:04 [DISCORD] Found Twitter links in message from antifascism: [[https://twitter.com/JhonHearerer/status/1940196303818170412 https:// twitter.com /JhonHearerer/status/1940196303818170412]]
2025/07/11 15:15:04 [DISCORD] Twitter link found: /JhonHearerer/status/1940196303818170412
2025/07/11 15:15:16 [DISCORD] Discord bot is now running. Press CTRL+C to exit.
2025/07/11 15:15:19 [DISCORD] Found Twitter links in message from antifascism: [[https://twitter.com/JhonHearerer/status/1940196303818170412 https:// twitter.com /JhonHearerer/status/1940196303818170412]]
2025/07/11 15:15:19 [DISCORD] Twitter link found: /JhonHearerer/status/1940196303818170412
2025/07/11 15:15:29 [DISCORD] Found Twitter links in message from antifascism: [[twitter.com/JhonHearerer/status/1940196303818170412  twitter.com /JhonHearerer/status/1940196303818170412]]
2025/07/11 15:15:29 [DISCORD] Twitter link found: /JhonHearerer/status/1940196303818170412
2025/07/11 15:16:57 [DISCORD] Discord bot is now running. Press CTRL+C to exit.
2025/07/11 15:16:59 [DISCORD] Found Twitter links in message from antifascism: [[.com)(\S+)  .com )(\S+)]]
2025/07/11 15:16:59 [DISCORD] Twitter link found: )(\S+)
2025/07/11 15:17:06 [DISCORD] Found Twitter links in message from antifascism: [[https://vxtwitter.com/JhonHearerer/status/1940196303818170412 https:// vxtwitter.com /JhonHearerer/status/1940196303818170412]]
2025/07/11 15:17:06 [DISCORD] Twitter link found: /JhonHearerer/status/1940196303818170412
2025/07/11 15:17:12 [DISCORD] Found Twitter links in message from antifascism: [[https://x.com/JhonHearerer/status/1940196303818170412 https:// x.com /JhonHearerer/status/1940196303818170412]]
2025/07/11 15:17:12 [DISCORD] Twitter link found: /JhonHearerer/status/1940196303818170412
2025/07/11 15:17:17 [DISCORD] Discord bot is now running. Press CTRL+C to exit.
2025/07/11 15:17:28 [DISCORD] Found Twitter links in message from antifascism: [[https://x.com/JhonHearerer/status/1940196303818170412 https:// x.com /JhonHearerer/status/1940196303818170412] [https://x.com/JhonHearerer/status/1940196303818170412 https:// x.com /JhonHearerer/status/1940196303818170412]]
2025/07/11 15:17:28 [DISCORD] Twitter link found: /JhonHearerer/status/1940196303818170412
2025/07/11 15:17:28 [DISCORD] Twitter link found: /JhonHearerer/status/1940196303818170412
2025/07/11 15:18:48 [DISCORD] Discord bot is now running. Press CTRL+C to exit.
2025/07/11 15:18:54 [DISCORD] Discord bot is now running. Press CTRL+C to exit.
